app/build/outputs/logs/manifest-merger-release-report.txt
-- Merging decision tree log ---
manifest
ADDED from src\main\AndroidManifest.xml:2:1-126:12
INJECTED from src\main\AndroidManifest.xml:2:1-126:12
INJECTED from src\main\AndroidManifest.xml:2:1-126:12
INJECTED from src\main\AndroidManifest.xml:2:1-126:12
MERGED from [:library] AndroidManifest.xml:2:1-11:12
INJECTED from src\main\AndroidManifest.xml:2:1-126:12
INJECTED from src\main\AndroidManifest.xml:2:1-126:12
INJECTED from src\main\AndroidManifest.xml:2:1-126:12
	package
		ADDED from src\main\AndroidManifest.xml:3:5-34
		INJECTED from src\main\AndroidManifest.xml
		INJECTED from src\main\AndroidManifest.xml
	android:versionName
		ADDED from src\main\AndroidManifest.xml:5:5-30
		INJECTED from src\main\AndroidManifest.xml
		INJECTED from src\main\AndroidManifest.xml
	xmlns:android
		ADDED from src\main\AndroidManifest.xml:2:11-69
	android:versionCode
		ADDED from src\main\AndroidManifest.xml:4:5-30
		INJECTED from src\main\AndroidManifest.xml
		INJECTED from src\main\AndroidManifest.xml
uses-sdk
ADDED from src\main\AndroidManifest.xml:14:5-74
INJECTED from src\main\AndroidManifest.xml:14:5-74
INJECTED from src\main\AndroidManifest.xml:14:5-74
MERGED from [:library] AndroidManifest.xml:7:5-9:41
MERGED from [:library] AndroidManifest.xml:7:5-9:41
INJECTED from src\main\AndroidManifest.xml:14:5-74
INJECTED from src\main\AndroidManifest.xml:14:5-74
	android:targetSdkVersion
		ADDED from src\main\AndroidManifest.xml:14:42-71
		INJECTED from src\main\AndroidManifest.xml
		INJECTED from src\main\AndroidManifest.xml
	android:minSdkVersion
		ADDED from src\main\AndroidManifest.xml:14:15-41
		INJECTED from src\main\AndroidManifest.xml
		INJECTED from src\main\AndroidManifest.xml
uses-feature#0x00020000
ADDED from src\main\AndroidManifest.xml:16:5-54
	android:glEsVersion
		ADDED from src\main\AndroidManifest.xml:16:19-51
uses-feature#android.hardware.camera
ADDED from src\main\AndroidManifest.xml:32:5-60
	android:name
		ADDED from src\main\AndroidManifest.xml:32:19-57
uses-permission#android.permission.CAMERA
ADDED from src\main\AndroidManifest.xml:37:5-65
	android:name
		ADDED from src\main\AndroidManifest.xml:37:22-62
uses-permission#android.permission.INTERNET
ADDED from src\main\AndroidManifest.xml:42:5-66
	android:name
		ADDED from src\main\AndroidManifest.xml:42:22-64
uses-permission#android.permission.ACCESS_NETWORK_STATE
ADDED from src\main\AndroidManifest.xml:48:5-79
	android:name
		ADDED from src\main\AndroidManifest.xml:48:22-76
uses-permission#android.permission.READ_EXTERNAL_STORAGE
ADDED from src\main\AndroidManifest.xml:50:5-79
	android:name
		ADDED from src\main\AndroidManifest.xml:50:22-77
application
ADDED from src\main\AndroidManifest.xml:62:5-124:19
	android:label
		ADDED from src\main\AndroidManifest.xml:64:9-41
	android:launchMode
		ADDED from src\main\AndroidManifest.xml:66:9-40
	android:icon
		ADDED from src\main\AndroidManifest.xml:63:9-38
	android:allowBackup
		ADDED from src\main\AndroidManifest.xml:67:9-35
	android:description
		ADDED from src\main\AndroidManifest.xml:65:9-54
	android:theme
		ADDED from src\main\AndroidManifest.xml:68:9-41
activity#com.Leaders.cugb.AR.ui.ActivityList.ActivitySplashScreen
ADDED from src\main\AndroidManifest.xml:87:10-98:21
	android:screenOrientation
		ADDED from src\main\AndroidManifest.xml:90:13-49
	android:noHistory
		ADDED from src\main\AndroidManifest.xml:91:13-37
	android:configChanges
		ADDED from src\main\AndroidManifest.xml:89:13-93
	android:name
		ADDED from src\main\AndroidManifest.xml:88:13-84
intent-filter#android.intent.action.MAIN+android.intent.category.LAUNCHER
ADDED from src\main\AndroidManifest.xml:93:13-97:29
action#android.intent.action.MAIN
ADDED from src\main\AndroidManifest.xml:94:17-69
	android:name
		ADDED from src\main\AndroidManifest.xml:94:25-66
category#android.intent.category.LAUNCHER
ADDED from src\main\AndroidManifest.xml:96:17-77
	android:name
		ADDED from src\main\AndroidManifest.xml:96:27-74
activity#com.Leaders.cugb.AR.ui.ActivityList.ActivityLauncher
ADDED from src\main\AndroidManifest.xml:100:9-105:20
	android:screenOrientation
		ADDED from src\main\AndroidManifest.xml:103:13-49
	android:configChanges
		ADDED from src\main\AndroidManifest.xml:102:13-93
	android:name
		ADDED from src\main\AndroidManifest.xml:101:13-80
activity#com.Leaders.cugb.AR.app.ImageTargets.ImageTargets
ADDED from src\main\AndroidManifest.xml:109:9-115:20
	android:launchMode
		ADDED from src\main\AndroidManifest.xml:113:13-44
	android:configChanges
		ADDED from src\main\AndroidManifest.xml:111:13-93
	android:theme
		ADDED from src\main\AndroidManifest.xml:112:13-51
	android:name
		ADDED from src\main\AndroidManifest.xml:110:13-77
activity#com.Leaders.cugb.AR.ui.ActivityList.MainActivity
ADDED from src\main\AndroidManifest.xml:118:9-122:20
	android:label
		ADDED from src\main\AndroidManifest.xml:120:13-45
	android:name
		ADDED from src\main\AndroidManifest.xml:119:13-76